[ 2015-09-22T19:18:43+08:00 ] ::1 /KobeHome/index.php/Home/Login/register.html?name=haha
INFO: [ app_begin ] --START--
INFO: Run Behavior\ReadHtmlCacheBehavior [ RunTime:0.000926s ]
INFO: [ app_begin ] --END-- [ RunTime:0.001449s ]

[ 2015-09-22T19:28:22+08:00 ] ::1 /KobeHome/index.php/Home/Login/index
ERR: 无法加载控制器:Login

[ 2015-09-22T19:28:47+08:00 ] ::1 /KobeHome/index.php/Home/Login/register.html?name=admin
INFO: [ app_begin ] --START--
INFO: Run Behavior\ReadHtmlCacheBehavior [ RunTime:0.000543s ]
INFO: [ app_begin ] --END-- [ RunTime:0.000940s ]
SQL: SHOW COLUMNS FROM `kh_user` [ RunTime:0.0015s ]
SQL: SHOW COLUMNS FROM `kh_user` [ RunTime:0.0013s ]
SQL: SELECT `username` FROM `kh_user` WHERE `username` NOT IN ('admin')  [ RunTime:0.0003s ]

[ 2015-09-22T19:29:10+08:00 ] ::1 /KobeHome/index.php/Home/Login/register.html?name=11
INFO: [ app_begin ] --START--
INFO: Run Behavior\ReadHtmlCacheBehavior [ RunTime:0.001104s ]
INFO: [ app_begin ] --END-- [ RunTime:0.001829s ]
SQL: SHOW COLUMNS FROM `kh_user` [ RunTime:0.0100s ]
SQL: SHOW COLUMNS FROM `kh_user` [ RunTime:0.0026s ]
SQL: SELECT `username` FROM `kh_user` WHERE `username` NOT IN ('11')  [ RunTime:0.0011s ]

[ 2015-09-22T19:29:29+08:00 ] ::1 /KobeHome/index.php/Home/Login/register.html?name=11
INFO: [ app_begin ] --START--
INFO: Run Behavior\ReadHtmlCacheBehavior [ RunTime:0.000498s ]
INFO: [ app_begin ] --END-- [ RunTime:0.000860s ]
SQL: SHOW COLUMNS FROM `kh_user` [ RunTime:0.0098s ]
SQL: SHOW COLUMNS FROM `kh_user` [ RunTime:0.0020s ]
SQL: SELECT `username` FROM `kh_user` WHERE `username` NOT IN ('11')  [ RunTime:0.0004s ]

[ 2015-09-22T19:29:55+08:00 ] ::1 /KobeHome/index.php/Home/Login/register.html?name=11
INFO: [ app_begin ] --START--
INFO: Run Behavior\ReadHtmlCacheBehavior [ RunTime:0.000781s ]
INFO: [ app_begin ] --END-- [ RunTime:0.001366s ]
SQL: SHOW COLUMNS FROM `kh_user` [ RunTime:0.0096s ]
SQL: SHOW COLUMNS FROM `kh_user` [ RunTime:0.0026s ]
SQL: SELECT `username` FROM `kh_user` WHERE `username` NOT IN ('11')  [ RunTime:0.0006s ]

[ 2015-09-22T19:31:03+08:00 ] ::1 /KobeHome/index.php/Home/Login/register.html?name=2222
INFO: [ app_begin ] --START--
INFO: Run Behavior\ReadHtmlCacheBehavior [ RunTime:0.000697s ]
INFO: [ app_begin ] --END-- [ RunTime:0.001454s ]

[ 2015-09-22T19:32:35+08:00 ] ::1 /KobeHome/index.php/Home/Login/register.html?name=111
INFO: [ app_begin ] --START--
INFO: Run Behavior\ReadHtmlCacheBehavior [ RunTime:0.000710s ]
INFO: [ app_begin ] --END-- [ RunTime:0.001414s ]

[ 2015-09-22T19:34:14+08:00 ] ::1 /KobeHome/index.php/Home/Login/register.html?name=22
INFO: [ app_begin ] --START--
INFO: Run Behavior\ReadHtmlCacheBehavior [ RunTime:0.000595s ]
INFO: [ app_begin ] --END-- [ RunTime:0.001077s ]

[ 2015-09-22T19:35:13+08:00 ] ::1 /KobeHome/index.php/Home/Login/register.html?name=22
INFO: [ app_begin ] --START--
INFO: Run Behavior\ReadHtmlCacheBehavior [ RunTime:0.000498s ]
INFO: [ app_begin ] --END-- [ RunTime:0.000892s ]

[ 2015-09-22T19:36:08+08:00 ] ::1 /KobeHome/index.php/Home/Login/register.html?name=22
INFO: [ app_begin ] --START--
INFO: Run Behavior\ReadHtmlCacheBehavior [ RunTime:0.000843s ]
INFO: [ app_begin ] --END-- [ RunTime:0.001496s ]

[ 2015-09-22T19:37:18+08:00 ] ::1 /KobeHome/index.php/Home/Login/checkUser.html?name=22
INFO: [ app_begin ] --START--
INFO: Run Behavior\ReadHtmlCacheBehavior [ RunTime:0.000595s ]
INFO: [ app_begin ] --END-- [ RunTime:0.001084s ]

[ 2015-09-22T19:38:19+08:00 ] ::1 /KobeHome/index.php/Home/Login/checkUser.html?name=22
INFO: [ app_begin ] --START--
INFO: Run Behavior\ReadHtmlCacheBehavior [ RunTime:0.000501s ]
INFO: [ app_begin ] --END-- [ RunTime:0.000896s ]
SQL: SHOW COLUMNS FROM `kh_user` [ RunTime:0.0104s ]
SQL: SHOW COLUMNS FROM `kh_user` [ RunTime:0.0019s ]
SQL: SELECT `username` FROM `kh_user` WHERE `username` NOT IN ('22')  [ RunTime:0.0007s ]
INFO: [ app_end ] --START--
INFO: Run Behavior\ShowPageTraceBehavior [ RunTime:0.001234s ]
INFO: [ app_end ] --END-- [ RunTime:0.001341s ]

[ 2015-09-22T19:38:49+08:00 ] ::1 /KobeHome/index.php/Home/Login/checkUser.html?name=22
INFO: [ app_begin ] --START--
INFO: Run Behavior\ReadHtmlCacheBehavior [ RunTime:0.000499s ]
INFO: [ app_begin ] --END-- [ RunTime:0.000851s ]
SQL: SHOW COLUMNS FROM `kh_user` [ RunTime:0.0089s ]
SQL: SHOW COLUMNS FROM `kh_user` [ RunTime:0.0025s ]
SQL: SELECT `username` FROM `kh_user` WHERE `username` NOT IN ('22')  [ RunTime:0.0005s ]
INFO: [ app_end ] --START--
INFO: Run Behavior\ShowPageTraceBehavior [ RunTime:0.001294s ]
INFO: [ app_end ] --END-- [ RunTime:0.001431s ]

[ 2015-09-22T19:39:17+08:00 ] ::1 /KobeHome/index.php/Home/Login/checkUser.html?name=admin
INFO: [ app_begin ] --START--
INFO: Run Behavior\ReadHtmlCacheBehavior [ RunTime:0.000692s ]
INFO: [ app_begin ] --END-- [ RunTime:0.001240s ]
SQL: SHOW COLUMNS FROM `kh_user` [ RunTime:0.0092s ]
SQL: SHOW COLUMNS FROM `kh_user` [ RunTime:0.0026s ]
SQL: SELECT `username` FROM `kh_user` WHERE `username` NOT IN ('admin')  [ RunTime:0.0004s ]
INFO: [ app_end ] --START--
INFO: Run Behavior\ShowPageTraceBehavior [ RunTime:0.001256s ]
INFO: [ app_end ] --END-- [ RunTime:0.001355s ]

[ 2015-09-22T19:42:42+08:00 ] ::1 /KobeHome/index.php/Home/Login/checkUser.html?name=22
INFO: [ app_begin ] --START--
INFO: Run Behavior\ReadHtmlCacheBehavior [ RunTime:0.000901s ]
INFO: [ app_begin ] --END-- [ RunTime:0.001428s ]
SQL: SHOW COLUMNS FROM `kh_user` [ RunTime:0.0124s ]
SQL: SHOW COLUMNS FROM `kh_user` [ RunTime:0.0018s ]
SQL: SELECT `username` FROM `kh_user` WHERE `username` NOT IN ('22')  [ RunTime:0.0003s ]
NOTIC: [2] Cannot modify header information - headers already sent by (output started at /Applications/MAMP/htdocs/KobeHome/ThinkPHP/Common/functions.php:850) /Applications/MAMP/htdocs/KobeHome/ThinkPHP/Library/Think/Controller.class.php 第 215 行.

[ 2015-09-22T19:42:56+08:00 ] ::1 /KobeHome/index.php/Home/Login/checkUser.html?name=admin
INFO: [ app_begin ] --START--
INFO: Run Behavior\ReadHtmlCacheBehavior [ RunTime:0.000726s ]
INFO: [ app_begin ] --END-- [ RunTime:0.001188s ]
SQL: SHOW COLUMNS FROM `kh_user` [ RunTime:0.0093s ]
SQL: SHOW COLUMNS FROM `kh_user` [ RunTime:0.0015s ]
SQL: SELECT `username` FROM `kh_user` WHERE `username` NOT IN ('admin')  [ RunTime:0.0003s ]
NOTIC: [2] Cannot modify header information - headers already sent by (output started at /Applications/MAMP/htdocs/KobeHome/ThinkPHP/Common/functions.php:850) /Applications/MAMP/htdocs/KobeHome/ThinkPHP/Library/Think/Controller.class.php 第 215 行.

[ 2015-09-22T19:43:22+08:00 ] ::1 /KobeHome/index.php/Home/Login/checkUser.html?name=aaaaa
INFO: [ app_begin ] --START--
INFO: Run Behavior\ReadHtmlCacheBehavior [ RunTime:0.000687s ]
INFO: [ app_begin ] --END-- [ RunTime:0.001183s ]
SQL: SHOW COLUMNS FROM `kh_user` [ RunTime:0.0104s ]
SQL: SHOW COLUMNS FROM `kh_user` [ RunTime:0.0032s ]
SQL: SELECT `username` FROM `kh_user` WHERE `username` NOT IN ('aaaaa')  [ RunTime:0.0007s ]
NOTIC: [2] Cannot modify header information - headers already sent by (output started at /Applications/MAMP/htdocs/KobeHome/ThinkPHP/Common/functions.php:850) /Applications/MAMP/htdocs/KobeHome/ThinkPHP/Library/Think/Controller.class.php 第 215 行.

[ 2015-09-22T19:43:55+08:00 ] ::1 /KobeHome/index.php/Home/Login/checkUser.html?name=admin
INFO: [ app_begin ] --START--
INFO: Run Behavior\ReadHtmlCacheBehavior [ RunTime:0.000585s ]
INFO: [ app_begin ] --END-- [ RunTime:0.001221s ]
SQL: SHOW COLUMNS FROM `kh_user` [ RunTime:0.0099s ]
SQL: SHOW COLUMNS FROM `kh_user` [ RunTime:0.0020s ]
SQL: SELECT `username` FROM `kh_user` WHERE `username` NOT IN ('admin')  [ RunTime:0.0005s ]
NOTIC: [2] Cannot modify header information - headers already sent by (output started at /Applications/MAMP/htdocs/KobeHome/ThinkPHP/Common/functions.php:850) /Applications/MAMP/htdocs/KobeHome/ThinkPHP/Library/Think/Controller.class.php 第 215 行.

[ 2015-09-22T19:44:17+08:00 ] ::1 /KobeHome/index.php/Home/Login/checkUser.html?name=admin
INFO: [ app_begin ] --START--
INFO: Run Behavior\ReadHtmlCacheBehavior [ RunTime:0.000726s ]
INFO: [ app_begin ] --END-- [ RunTime:0.001493s ]
SQL: SHOW COLUMNS FROM `kh_user` [ RunTime:0.0094s ]
SQL: SHOW COLUMNS FROM `kh_user` [ RunTime:0.0016s ]
SQL: SELECT `username` FROM `kh_user` WHERE `username` NOT IN ('admin')  [ RunTime:0.0003s ]
NOTIC: [2] Cannot modify header information - headers already sent by (output started at /Applications/MAMP/htdocs/KobeHome/ThinkPHP/Common/functions.php:850) /Applications/MAMP/htdocs/KobeHome/ThinkPHP/Library/Think/Controller.class.php 第 215 行.

[ 2015-09-22T19:45:17+08:00 ] ::1 /KobeHome/index.php/Home/Login/checkUser.html?name=22
INFO: [ app_begin ] --START--
INFO: Run Behavior\ReadHtmlCacheBehavior [ RunTime:0.000496s ]
INFO: [ app_begin ] --END-- [ RunTime:0.000890s ]
SQL: SHOW COLUMNS FROM `kh_user` [ RunTime:0.0105s ]
SQL: SHOW COLUMNS FROM `kh_user` [ RunTime:0.0027s ]
SQL: SELECT `username` FROM `kh_user` WHERE `username` NOT IN ('22')  [ RunTime:0.0007s ]
NOTIC: [2] Cannot modify header information - headers already sent by (output started at /Applications/MAMP/htdocs/KobeHome/ThinkPHP/Common/functions.php:850) /Applications/MAMP/htdocs/KobeHome/ThinkPHP/Library/Think/Controller.class.php 第 215 行.

[ 2015-09-22T19:46:34+08:00 ] ::1 /KobeHome/index.php/Home/Login/checkUser.html?name=222
INFO: [ app_begin ] --START--
INFO: Run Behavior\ReadHtmlCacheBehavior [ RunTime:0.001016s ]
INFO: [ app_begin ] --END-- [ RunTime:0.001642s ]
SQL: SHOW COLUMNS FROM `kh_user` [ RunTime:0.0090s ]
SQL: SHOW COLUMNS FROM `kh_user` [ RunTime:0.0016s ]
SQL: SELECT `username` FROM `kh_user` WHERE `username` NOT IN ('222')  [ RunTime:0.0004s ]
NOTIC: [2] Cannot modify header information - headers already sent by (output started at /Applications/MAMP/htdocs/KobeHome/ThinkPHP/Common/functions.php:850) /Applications/MAMP/htdocs/KobeHome/ThinkPHP/Library/Think/Controller.class.php 第 215 行.

[ 2015-09-22T19:46:37+08:00 ] ::1 /KobeHome/index.php/Home/Login/checkUser.html?name=222
INFO: [ app_begin ] --START--
INFO: Run Behavior\ReadHtmlCacheBehavior [ RunTime:0.000668s ]
INFO: [ app_begin ] --END-- [ RunTime:0.001118s ]
SQL: SHOW COLUMNS FROM `kh_user` [ RunTime:0.0100s ]
SQL: SHOW COLUMNS FROM `kh_user` [ RunTime:0.0015s ]
SQL: SELECT `username` FROM `kh_user` WHERE `username` NOT IN ('222')  [ RunTime:0.0003s ]
NOTIC: [2] Cannot modify header information - headers already sent by (output started at /Applications/MAMP/htdocs/KobeHome/ThinkPHP/Common/functions.php:850) /Applications/MAMP/htdocs/KobeHome/ThinkPHP/Library/Think/Controller.class.php 第 215 行.

[ 2015-09-22T19:46:41+08:00 ] ::1 /KobeHome/index.php/Home/Login/checkUser.html?name=222111
INFO: [ app_begin ] --START--
INFO: Run Behavior\ReadHtmlCacheBehavior [ RunTime:0.000486s ]
INFO: [ app_begin ] --END-- [ RunTime:0.000831s ]
SQL: SHOW COLUMNS FROM `kh_user` [ RunTime:0.0098s ]
SQL: SHOW COLUMNS FROM `kh_user` [ RunTime:0.0029s ]
SQL: SELECT `username` FROM `kh_user` WHERE `username` NOT IN ('222111')  [ RunTime:0.0006s ]
NOTIC: [2] Cannot modify header information - headers already sent by (output started at /Applications/MAMP/htdocs/KobeHome/ThinkPHP/Common/functions.php:850) /Applications/MAMP/htdocs/KobeHome/ThinkPHP/Library/Think/Controller.class.php 第 215 行.

[ 2015-09-22T19:46:44+08:00 ] ::1 /KobeHome/index.php/Home/Login/checkUser.html?name=222111
INFO: [ app_begin ] --START--
INFO: Run Behavior\ReadHtmlCacheBehavior [ RunTime:0.001157s ]
INFO: [ app_begin ] --END-- [ RunTime:0.001826s ]
SQL: SHOW COLUMNS FROM `kh_user` [ RunTime:0.0094s ]
SQL: SHOW COLUMNS FROM `kh_user` [ RunTime:0.0015s ]
SQL: SELECT `username` FROM `kh_user` WHERE `username` NOT IN ('222111')  [ RunTime:0.0004s ]
NOTIC: [2] Cannot modify header information - headers already sent by (output started at /Applications/MAMP/htdocs/KobeHome/ThinkPHP/Common/functions.php:850) /Applications/MAMP/htdocs/KobeHome/ThinkPHP/Library/Think/Controller.class.php 第 215 行.

[ 2015-09-22T19:46:48+08:00 ] ::1 /KobeHome/index.php/Home/Login/checkUser.html?name=222111
INFO: [ app_begin ] --START--
INFO: Run Behavior\ReadHtmlCacheBehavior [ RunTime:0.000724s ]
INFO: [ app_begin ] --END-- [ RunTime:0.001189s ]
SQL: SHOW COLUMNS FROM `kh_user` [ RunTime:0.0100s ]
SQL: SHOW COLUMNS FROM `kh_user` [ RunTime:0.0019s ]
SQL: SELECT `username` FROM `kh_user` WHERE `username` NOT IN ('222111')  [ RunTime:0.0004s ]
NOTIC: [2] Cannot modify header information - headers already sent by (output started at /Applications/MAMP/htdocs/KobeHome/ThinkPHP/Common/functions.php:850) /Applications/MAMP/htdocs/KobeHome/ThinkPHP/Library/Think/Controller.class.php 第 215 行.

[ 2015-09-22T19:47:20+08:00 ] ::1 /KobeHome/index.php/Home/Login/checkUser.html?name=admin
INFO: [ app_begin ] --START--
INFO: Run Behavior\ReadHtmlCacheBehavior [ RunTime:0.000497s ]
INFO: [ app_begin ] --END-- [ RunTime:0.000850s ]
SQL: SHOW COLUMNS FROM `kh_user` [ RunTime:0.0100s ]
SQL: SHOW COLUMNS FROM `kh_user` [ RunTime:0.0022s ]
SQL: SELECT `username` FROM `kh_user` WHERE `username` NOT IN ('admin')  [ RunTime:0.0004s ]
NOTIC: [2] Cannot modify header information - headers already sent by (output started at /Applications/MAMP/htdocs/KobeHome/ThinkPHP/Common/functions.php:850) /Applications/MAMP/htdocs/KobeHome/ThinkPHP/Library/Think/Controller.class.php 第 215 行.

[ 2015-09-22T19:47:36+08:00 ] ::1 /KobeHome/index.php/Home/Login/checkUser.html?name=1111
INFO: [ app_begin ] --START--
INFO: Run Behavior\ReadHtmlCacheBehavior [ RunTime:0.000783s ]
INFO: [ app_begin ] --END-- [ RunTime:0.001429s ]
SQL: SHOW COLUMNS FROM `kh_user` [ RunTime:0.0096s ]
SQL: SHOW COLUMNS FROM `kh_user` [ RunTime:0.0021s ]
SQL: SELECT `username` FROM `kh_user` WHERE `username` NOT IN ('1111')  [ RunTime:0.0004s ]
NOTIC: [2] Cannot modify header information - headers already sent by (output started at /Applications/MAMP/htdocs/KobeHome/ThinkPHP/Common/functions.php:850) /Applications/MAMP/htdocs/KobeHome/ThinkPHP/Library/Think/Controller.class.php 第 215 行.

[ 2015-09-22T19:48:19+08:00 ] ::1 /KobeHome/index.php/Home/Login/checkUser.html?name=admin
INFO: [ app_begin ] --START--
INFO: Run Behavior\ReadHtmlCacheBehavior [ RunTime:0.000616s ]
INFO: [ app_begin ] --END-- [ RunTime:0.001231s ]
SQL: SHOW COLUMNS FROM `kh_user` [ RunTime:0.0095s ]
SQL: SHOW COLUMNS FROM `kh_user` [ RunTime:0.0027s ]
SQL: SELECT `username` FROM `kh_user` WHERE `username` NOT IN ('admin')  [ RunTime:0.0008s ]
NOTIC: [2] Cannot modify header information - headers already sent by (output started at /Applications/MAMP/htdocs/KobeHome/ThinkPHP/Common/functions.php:850) /Applications/MAMP/htdocs/KobeHome/ThinkPHP/Library/Think/Controller.class.php 第 215 行.

[ 2015-09-22T19:48:31+08:00 ] ::1 /KobeHome/index.php/Home/Login/checkUser.html?name=2222
INFO: [ app_begin ] --START--
INFO: Run Behavior\ReadHtmlCacheBehavior [ RunTime:0.001006s ]
INFO: [ app_begin ] --END-- [ RunTime:0.001636s ]
SQL: SHOW COLUMNS FROM `kh_user` [ RunTime:0.0092s ]
SQL: SHOW COLUMNS FROM `kh_user` [ RunTime:0.0015s ]
SQL: SELECT `username` FROM `kh_user` WHERE `username` NOT IN ('2222')  [ RunTime:0.0005s ]
NOTIC: [2] Cannot modify header information - headers already sent by (output started at /Applications/MAMP/htdocs/KobeHome/ThinkPHP/Common/functions.php:850) /Applications/MAMP/htdocs/KobeHome/ThinkPHP/Library/Think/Controller.class.php 第 215 行.

[ 2015-09-22T19:49:39+08:00 ] ::1 /KobeHome/index.php/Home/Login/checkUser.html?name=111
INFO: [ app_begin ] --START--
INFO: Run Behavior\ReadHtmlCacheBehavior [ RunTime:0.000539s ]
INFO: [ app_begin ] --END-- [ RunTime:0.000896s ]
SQL: SHOW COLUMNS FROM `kh_user` [ RunTime:0.0092s ]
SQL: SHOW COLUMNS FROM `kh_user` [ RunTime:0.0015s ]
SQL: SELECT `username` FROM `kh_user` WHERE `username` NOT IN ('111')  [ RunTime:0.0003s ]
NOTIC: [2] Cannot modify header information - headers already sent by (output started at /Applications/MAMP/htdocs/KobeHome/ThinkPHP/Common/functions.php:850) /Applications/MAMP/htdocs/KobeHome/ThinkPHP/Library/Think/Controller.class.php 第 215 行.

[ 2015-09-22T19:50:45+08:00 ] ::1 /KobeHome/index.php/Home/Login/checkUser.html?name=222
INFO: [ app_begin ] --START--
INFO: Run Behavior\ReadHtmlCacheBehavior [ RunTime:0.000999s ]
INFO: [ app_begin ] --END-- [ RunTime:0.001738s ]
SQL: SHOW COLUMNS FROM `kh_user` [ RunTime:0.0092s ]
SQL: SHOW COLUMNS FROM `kh_user` [ RunTime:0.0015s ]
SQL: SELECT `username` FROM `kh_user` WHERE `username` NOT IN ('222')  [ RunTime:0.0004s ]
NOTIC: [2] Cannot modify header information - headers already sent by (output started at /Applications/MAMP/htdocs/KobeHome/ThinkPHP/Common/functions.php:850) /Applications/MAMP/htdocs/KobeHome/ThinkPHP/Library/Think/Controller.class.php 第 215 行.

[ 2015-09-22T19:51:12+08:00 ] ::1 /KobeHome/index.php/Home/Login/checkUser.html?name=111
INFO: [ app_begin ] --START--
INFO: Run Behavior\ReadHtmlCacheBehavior [ RunTime:0.000737s ]
INFO: [ app_begin ] --END-- [ RunTime:0.001323s ]
SQL: SHOW COLUMNS FROM `kh_user` [ RunTime:0.0092s ]
SQL: SHOW COLUMNS FROM `kh_user` [ RunTime:0.0016s ]
SQL: SELECT `username` FROM `kh_user` WHERE `username` NOT IN ('111')  [ RunTime:0.0004s ]
NOTIC: [2] Cannot modify header information - headers already sent by (output started at /Applications/MAMP/htdocs/KobeHome/ThinkPHP/Common/functions.php:850) /Applications/MAMP/htdocs/KobeHome/ThinkPHP/Library/Think/Controller.class.php 第 215 行.

[ 2015-09-22T19:51:15+08:00 ] ::1 /KobeHome/index.php/Home/Login/checkUser.html?name=111
INFO: [ app_begin ] --START--
INFO: Run Behavior\ReadHtmlCacheBehavior [ RunTime:0.000752s ]
INFO: [ app_begin ] --END-- [ RunTime:0.001464s ]
SQL: SHOW COLUMNS FROM `kh_user` [ RunTime:0.0079s ]
SQL: SHOW COLUMNS FROM `kh_user` [ RunTime:0.0020s ]
SQL: SELECT `username` FROM `kh_user` WHERE `username` NOT IN ('111')  [ RunTime:0.0004s ]
NOTIC: [2] Cannot modify header information - headers already sent by (output started at /Applications/MAMP/htdocs/KobeHome/ThinkPHP/Common/functions.php:850) /Applications/MAMP/htdocs/KobeHome/ThinkPHP/Library/Think/Controller.class.php 第 215 行.

[ 2015-09-22T19:52:19+08:00 ] ::1 /KobeHome/index.php/Home/Login/checkUser.html?name=222
INFO: [ app_begin ] --START--
INFO: Run Behavior\ReadHtmlCacheBehavior [ RunTime:0.000936s ]
INFO: [ app_begin ] --END-- [ RunTime:0.001665s ]
SQL: SHOW COLUMNS FROM `kh_user` [ RunTime:0.0094s ]
SQL: SHOW COLUMNS FROM `kh_user` [ RunTime:0.0012s ]
SQL: SELECT `username` FROM `kh_user` WHERE `username` NOT IN ('222')  [ RunTime:0.0005s ]
INFO: [ app_end ] --START--
INFO: Run Behavior\ShowPageTraceBehavior [ RunTime:0.000870s ]
INFO: [ app_end ] --END-- [ RunTime:0.000953s ]

[ 2015-09-22T19:52:43+08:00 ] ::1 /KobeHome/index.php/Home/Login/checkUser.html?name=2222
INFO: [ app_begin ] --START--
INFO: Run Behavior\ReadHtmlCacheBehavior [ RunTime:0.000493s ]
INFO: [ app_begin ] --END-- [ RunTime:0.000850s ]
SQL: SHOW COLUMNS FROM `kh_user` [ RunTime:0.0014s ]
SQL: SHOW COLUMNS FROM `kh_user` [ RunTime:0.0012s ]
SQL: SELECT `username` FROM `kh_user` WHERE `username` NOT IN ('2222')  [ RunTime:0.0004s ]
INFO: [ app_end ] --START--
INFO: Run Behavior\ShowPageTraceBehavior [ RunTime:0.000835s ]
INFO: [ app_end ] --END-- [ RunTime:0.000929s ]

[ 2015-09-22T19:53:00+08:00 ] ::1 /KobeHome/index.php/Home/Login/checkUser.html?name=111
INFO: [ app_begin ] --START--
INFO: Run Behavior\ReadHtmlCacheBehavior [ RunTime:0.001156s ]
INFO: [ app_begin ] --END-- [ RunTime:0.001887s ]
SQL: SHOW COLUMNS FROM `kh_user` [ RunTime:0.0100s ]
SQL: SHOW COLUMNS FROM `kh_user` [ RunTime:0.0018s ]
SQL: SELECT `username` FROM `kh_user` WHERE `username` NOT IN ('111')  [ RunTime:0.0004s ]
INFO: [ app_end ] --START--
INFO: Run Behavior\ShowPageTraceBehavior [ RunTime:0.001121s ]
INFO: [ app_end ] --END-- [ RunTime:0.001234s ]

[ 2015-09-22T19:53:47+08:00 ] ::1 /KobeHome/index.php/Home/Login/checkUser.html?name=2222
INFO: [ app_begin ] --START--
INFO: Run Behavior\ReadHtmlCacheBehavior [ RunTime:0.000579s ]
INFO: [ app_begin ] --END-- [ RunTime:0.001027s ]

[ 2015-09-22T19:54:17+08:00 ] ::1 /KobeHome/index.php/Home/Login/checkUser.html?name=22222
INFO: [ app_begin ] --START--
INFO: Run Behavior\ReadHtmlCacheBehavior [ RunTime:0.000488s ]
INFO: [ app_begin ] --END-- [ RunTime:0.000839s ]
SQL: SHOW COLUMNS FROM `kh_user` [ RunTime:0.0100s ]
SQL: SHOW COLUMNS FROM `kh_user` [ RunTime:0.0025s ]
SQL: SELECT `username` FROM `kh_user` WHERE `username` NOT IN ('22222')  [ RunTime:0.0004s ]

[ 2015-09-22T19:54:52+08:00 ] ::1 /KobeHome/index.php/Home/Login/checkUser.html?name=admin
INFO: [ app_begin ] --START--
INFO: Run Behavior\ReadHtmlCacheBehavior [ RunTime:0.000574s ]
INFO: [ app_begin ] --END-- [ RunTime:0.001093s ]
SQL: SHOW COLUMNS FROM `kh_user` [ RunTime:0.0094s ]
SQL: SHOW COLUMNS FROM `kh_user` [ RunTime:0.0019s ]
SQL: SELECT `username` FROM `kh_user` WHERE `username` NOT IN ('admin')  [ RunTime:0.0005s ]

[ 2015-09-22T19:55:18+08:00 ] ::1 /KobeHome/index.php/Home/Login/checkUser.html?name=admin
INFO: [ app_begin ] --START--
INFO: Run Behavior\ReadHtmlCacheBehavior [ RunTime:0.000738s ]
INFO: [ app_begin ] --END-- [ RunTime:0.001198s ]
SQL: SHOW COLUMNS FROM `kh_user` [ RunTime:0.0097s ]
SQL: SHOW COLUMNS FROM `kh_user` [ RunTime:0.0014s ]
SQL: SELECT `username` FROM `kh_user` WHERE `username` NOT IN ('admin')  [ RunTime:0.0003s ]
NOTIC: [2] Cannot modify header information - headers already sent by (output started at /Applications/MAMP/htdocs/KobeHome/ThinkPHP/Common/functions.php:850) /Applications/MAMP/htdocs/KobeHome/ThinkPHP/Library/Think/Controller.class.php 第 215 行.

[ 2015-09-22T19:55:49+08:00 ] ::1 /KobeHome/index.php/Home/Login/checkUser.html?name=admin
INFO: [ app_begin ] --START--
INFO: Run Behavior\ReadHtmlCacheBehavior [ RunTime:0.000925s ]
INFO: [ app_begin ] --END-- [ RunTime:0.001446s ]
SQL: SHOW COLUMNS FROM `kh_user` [ RunTime:0.0099s ]
SQL: SHOW COLUMNS FROM `kh_user` [ RunTime:0.0016s ]
SQL: SELECT `username` FROM `kh_user` WHERE `username` NOT IN ('admin')  [ RunTime:0.0004s ]
NOTIC: [2] Cannot modify header information - headers already sent by (output started at /Applications/MAMP/htdocs/KobeHome/ThinkPHP/Common/functions.php:850) /Applications/MAMP/htdocs/KobeHome/ThinkPHP/Library/Think/Controller.class.php 第 215 行.

[ 2015-09-22T19:56:22+08:00 ] ::1 /KobeHome/index.php/Home/Login/checkUser.html?name=2222
INFO: [ app_begin ] --START--
INFO: Run Behavior\ReadHtmlCacheBehavior [ RunTime:0.000903s ]
INFO: [ app_begin ] --END-- [ RunTime:0.001672s ]
SQL: SHOW COLUMNS FROM `kh_user` [ RunTime:0.0096s ]
SQL: SHOW COLUMNS FROM `kh_user` [ RunTime:0.0025s ]
SQL: SELECT `username` FROM `kh_user` WHERE `username` NOT IN ('2222')  [ RunTime:0.0012s ]

[ 2015-09-22T19:56:23+08:00 ] ::1 /KobeHome/index.php/Home/Login/checkUser.html?name=2222
INFO: [ app_begin ] --START--
INFO: Run Behavior\ReadHtmlCacheBehavior [ RunTime:0.000799s ]
INFO: [ app_begin ] --END-- [ RunTime:0.001481s ]
SQL: SHOW COLUMNS FROM `kh_user` [ RunTime:0.0091s ]
SQL: SHOW COLUMNS FROM `kh_user` [ RunTime:0.0019s ]
SQL: SELECT `username` FROM `kh_user` WHERE `username` NOT IN ('2222')  [ RunTime:0.0005s ]

[ 2015-09-22T19:57:34+08:00 ] ::1 /KobeHome/index.php/Home/Login/checkUser.html?name=admin
INFO: [ app_begin ] --START--
INFO: Run Behavior\ReadHtmlCacheBehavior [ RunTime:0.002082s ]
INFO: [ app_begin ] --END-- [ RunTime:0.003416s ]
SQL: SHOW COLUMNS FROM `kh_user` [ RunTime:0.0095s ]
SQL: SHOW COLUMNS FROM `kh_user` [ RunTime:0.0027s ]
SQL: SELECT `username` FROM `kh_user` WHERE `username` NOT IN ('admin')  [ RunTime:0.0005s ]
NOTIC: [2] Cannot modify header information - headers already sent by (output started at /Applications/MAMP/htdocs/KobeHome/ThinkPHP/Common/functions.php:850) /Applications/MAMP/htdocs/KobeHome/ThinkPHP/Library/Think/Controller.class.php 第 215 行.

[ 2015-09-22T20:02:09+08:00 ] ::1 /KobeHome/index.php/Home/Login/checkUser.html?name=2222
INFO: [ app_begin ] --START--
INFO: Run Behavior\ReadHtmlCacheBehavior [ RunTime:0.001454s ]
INFO: [ app_begin ] --END-- [ RunTime:0.002257s ]
SQL: SHOW COLUMNS FROM `kh_user` [ RunTime:0.0087s ]
SQL: SHOW COLUMNS FROM `kh_user` [ RunTime:0.0011s ]
SQL: SELECT `username` FROM `kh_user` WHERE `username` NOT IN ('2222')  [ RunTime:0.0003s ]

[ 2015-09-22T20:02:39+08:00 ] ::1 /KobeHome/index.php/Home/Login/checkUser.html?name=1111
INFO: [ app_begin ] --START--
INFO: Run Behavior\ReadHtmlCacheBehavior [ RunTime:0.000493s ]
INFO: [ app_begin ] --END-- [ RunTime:0.000870s ]
SQL: SHOW COLUMNS FROM `kh_user` [ RunTime:0.0098s ]
SQL: SHOW COLUMNS FROM `kh_user` [ RunTime:0.0031s ]
SQL: SELECT `username` FROM `kh_user` WHERE `username` NOT IN ('1111')  [ RunTime:0.0004s ]

[ 2015-09-22T20:03:01+08:00 ] ::1 /KobeHome/index.php/Home/Login/checkUser.html?name=111
INFO: [ app_begin ] --START--
INFO: Run Behavior\ReadHtmlCacheBehavior [ RunTime:0.000974s ]
INFO: [ app_begin ] --END-- [ RunTime:0.001663s ]
SQL: SHOW COLUMNS FROM `kh_user` [ RunTime:0.0099s ]
SQL: SHOW COLUMNS FROM `kh_user` [ RunTime:0.0030s ]
SQL: SELECT `username` FROM `kh_user` WHERE `username` NOT IN ('111')  [ RunTime:0.0009s ]

[ 2015-09-22T22:39:41+08:00 ] ::1 /KobeHome/index.php/Home/Login/checkUser.html?name=11
INFO: [ app_begin ] --START--
INFO: Run Behavior\ReadHtmlCacheBehavior [ RunTime:0.000516s ]
INFO: [ app_begin ] --END-- [ RunTime:0.000906s ]
SQL: SHOW COLUMNS FROM `kh_user` [ RunTime:0.0020s ]
SQL: SHOW COLUMNS FROM `kh_user` [ RunTime:0.0014s ]
SQL: SELECT `username` FROM `kh_user` WHERE `username` NOT IN ('11')  [ RunTime:0.0004s ]

[ 2015-09-22T22:55:39+08:00 ] ::1 /KobeHome/index.php/Home/Login/checkUser.html?name=admin
INFO: [ app_begin ] --START--
INFO: Run Behavior\ReadHtmlCacheBehavior [ RunTime:0.000667s ]
INFO: [ app_begin ] --END-- [ RunTime:0.001120s ]
SQL: SHOW COLUMNS FROM `kh_user` [ RunTime:0.0017s ]
SQL: SHOW COLUMNS FROM `kh_user` [ RunTime:0.0019s ]
SQL: SELECT `username` FROM `kh_user` WHERE `username` NOT IN ('admin')  [ RunTime:0.0005s ]
NOTIC: [2] Cannot modify header information - headers already sent by (output started at /Applications/MAMP/htdocs/KobeHome/ThinkPHP/Common/functions.php:850) /Applications/MAMP/htdocs/KobeHome/ThinkPHP/Library/Think/Controller.class.php 第 215 行.

[ 2015-09-22T22:55:57+08:00 ] ::1 /KobeHome/index.php/Home/Login/checkUser.html?name=111
INFO: [ app_begin ] --START--
INFO: Run Behavior\ReadHtmlCacheBehavior [ RunTime:0.000993s ]
INFO: [ app_begin ] --END-- [ RunTime:0.001697s ]
SQL: SHOW COLUMNS FROM `kh_user` [ RunTime:0.0104s ]
SQL: SHOW COLUMNS FROM `kh_user` [ RunTime:0.0027s ]
SQL: SELECT `username` FROM `kh_user` WHERE `username` NOT IN ('111')  [ RunTime:0.0006s ]

[ 2015-09-22T22:56:09+08:00 ] ::1 /KobeHome/index.php/Home/Login/checkUser.html?name=admin
INFO: [ app_begin ] --START--
INFO: Run Behavior\ReadHtmlCacheBehavior [ RunTime:0.001230s ]
INFO: [ app_begin ] --END-- [ RunTime:0.001978s ]
SQL: SHOW COLUMNS FROM `kh_user` [ RunTime:0.0014s ]
SQL: SHOW COLUMNS FROM `kh_user` [ RunTime:0.0018s ]
SQL: SELECT `username` FROM `kh_user` WHERE `username` NOT IN ('admin')  [ RunTime:0.0004s ]
NOTIC: [2] Cannot modify header information - headers already sent by (output started at /Applications/MAMP/htdocs/KobeHome/ThinkPHP/Common/functions.php:850) /Applications/MAMP/htdocs/KobeHome/ThinkPHP/Library/Think/Controller.class.php 第 215 行.

[ 2015-09-22T22:57:17+08:00 ] ::1 /KobeHome/index.php/Home/Login/checkUser.html?name=admin
INFO: [ app_begin ] --START--
INFO: Run Behavior\ReadHtmlCacheBehavior [ RunTime:0.000736s ]
INFO: [ app_begin ] --END-- [ RunTime:0.001420s ]
SQL: SHOW COLUMNS FROM `kh_user` [ RunTime:0.0094s ]
SQL: SHOW COLUMNS FROM `kh_user` [ RunTime:0.0018s ]
SQL: SELECT `username` FROM `kh_user` WHERE `username` NOT IN ('admin')  [ RunTime:0.0004s ]

[ 2015-09-22T22:58:24+08:00 ] ::1 /KobeHome/index.php/Home/Login/checkUser.html?name=BingCool
INFO: [ app_begin ] --START--
INFO: Run Behavior\ReadHtmlCacheBehavior [ RunTime:0.000504s ]
INFO: [ app_begin ] --END-- [ RunTime:0.000861s ]
SQL: SHOW COLUMNS FROM `kh_user` [ RunTime:0.0095s ]
SQL: SHOW COLUMNS FROM `kh_user` [ RunTime:0.0020s ]
SQL: SELECT `username` FROM `kh_user` WHERE `username` NOT IN ('BingCool')  [ RunTime:0.0006s ]

[ 2015-09-22T22:59:15+08:00 ] ::1 /KobeHome/index.php/Home/Login/checkUser.html?name=11
INFO: [ app_begin ] --START--
INFO: Run Behavior\ReadHtmlCacheBehavior [ RunTime:0.000507s ]
INFO: [ app_begin ] --END-- [ RunTime:0.000876s ]
SQL: SHOW COLUMNS FROM `kh_user` [ RunTime:0.0100s ]
SQL: SHOW COLUMNS FROM `kh_user` [ RunTime:0.0023s ]
SQL: SELECT `username` FROM `kh_user` WHERE `username` NOT IN ('11')  [ RunTime:0.0004s ]
NOTIC: [2] Cannot modify header information - headers already sent by (output started at /Applications/MAMP/htdocs/KobeHome/ThinkPHP/Common/functions.php:850) /Applications/MAMP/htdocs/KobeHome/ThinkPHP/Library/Think/Controller.class.php 第 215 行.

[ 2015-09-22T22:59:39+08:00 ] ::1 /KobeHome/index.php/Home/Login/checkUser.html?name=admin
INFO: [ app_begin ] --START--
INFO: Run Behavior\ReadHtmlCacheBehavior [ RunTime:0.000763s ]
INFO: [ app_begin ] --END-- [ RunTime:0.001181s ]
SQL: SHOW COLUMNS FROM `kh_user` [ RunTime:0.0097s ]
SQL: SHOW COLUMNS FROM `kh_user` [ RunTime:0.0018s ]
SQL: SELECT `username` FROM `kh_user` WHERE `username` NOT IN ('admin')  [ RunTime:0.0005s ]
NOTIC: [2] Cannot modify header information - headers already sent by (output started at /Applications/MAMP/htdocs/KobeHome/ThinkPHP/Common/functions.php:850) /Applications/MAMP/htdocs/KobeHome/ThinkPHP/Library/Think/Controller.class.php 第 215 行.

[ 2015-09-22T22:59:49+08:00 ] ::1 /KobeHome/index.php/Home/Login/checkUser.html?name=admin
INFO: [ app_begin ] --START--
INFO: Run Behavior\ReadHtmlCacheBehavior [ RunTime:0.000503s ]
INFO: [ app_begin ] --END-- [ RunTime:0.000867s ]
SQL: SHOW COLUMNS FROM `kh_user` [ RunTime:0.0090s ]
SQL: SHOW COLUMNS FROM `kh_user` [ RunTime:0.0026s ]
SQL: SELECT `username` FROM `kh_user` WHERE `username` NOT IN ('admin')  [ RunTime:0.0007s ]
NOTIC: [2] Cannot modify header information - headers already sent by (output started at /Applications/MAMP/htdocs/KobeHome/ThinkPHP/Common/functions.php:850) /Applications/MAMP/htdocs/KobeHome/ThinkPHP/Library/Think/Controller.class.php 第 215 行.

[ 2015-09-22T23:00:06+08:00 ] ::1 /KobeHome/index.php/Home/Login/checkUser.html?name=BingCool
INFO: [ app_begin ] --START--
INFO: Run Behavior\ReadHtmlCacheBehavior [ RunTime:0.000913s ]
INFO: [ app_begin ] --END-- [ RunTime:0.001459s ]
SQL: SHOW COLUMNS FROM `kh_user` [ RunTime:0.0096s ]
SQL: SHOW COLUMNS FROM `kh_user` [ RunTime:0.0028s ]
SQL: SELECT `username` FROM `kh_user` WHERE `username` NOT IN ('BingCool')  [ RunTime:0.0007s ]
NOTIC: [2] Cannot modify header information - headers already sent by (output started at /Applications/MAMP/htdocs/KobeHome/ThinkPHP/Common/functions.php:850) /Applications/MAMP/htdocs/KobeHome/ThinkPHP/Library/Think/Controller.class.php 第 215 行.

[ 2015-09-22T23:00:07+08:00 ] ::1 /KobeHome/index.php/Home/Login/checkUser.html?name=BingCool
INFO: [ app_begin ] --START--
INFO: Run Behavior\ReadHtmlCacheBehavior [ RunTime:0.000587s ]
INFO: [ app_begin ] --END-- [ RunTime:0.001018s ]
SQL: SHOW COLUMNS FROM `kh_user` [ RunTime:0.0102s ]
SQL: SHOW COLUMNS FROM `kh_user` [ RunTime:0.0015s ]
SQL: SELECT `username` FROM `kh_user` WHERE `username` NOT IN ('BingCool')  [ RunTime:0.0003s ]
NOTIC: [2] Cannot modify header information - headers already sent by (output started at /Applications/MAMP/htdocs/KobeHome/ThinkPHP/Common/functions.php:850) /Applications/MAMP/htdocs/KobeHome/ThinkPHP/Library/Think/Controller.class.php 第 215 行.

[ 2015-09-22T23:00:47+08:00 ] ::1 /KobeHome/index.php/Home/Login/checkUser.html?name=admin
INFO: [ app_begin ] --START--
INFO: Run Behavior\ReadHtmlCacheBehavior [ RunTime:0.000569s ]
INFO: [ app_begin ] --END-- [ RunTime:0.001009s ]
SQL: SHOW COLUMNS FROM `kh_user` [ RunTime:0.0022s ]
SQL: SHOW COLUMNS FROM `kh_user` [ RunTime:0.0016s ]
SQL: SELECT `username` FROM `kh_user` WHERE `username` NOT IN ('admin')  [ RunTime:0.0004s ]
NOTIC: [2] Cannot modify header information - headers already sent by (output started at /Applications/MAMP/htdocs/KobeHome/ThinkPHP/Common/functions.php:850) /Applications/MAMP/htdocs/KobeHome/ThinkPHP/Library/Think/Controller.class.php 第 215 行.

[ 2015-09-22T23:04:26+08:00 ] ::1 /KobeHome/index.php/Home/Login/checkUser.html?name=admin
INFO: [ app_begin ] --START--
INFO: Run Behavior\ReadHtmlCacheBehavior [ RunTime:0.000909s ]
INFO: [ app_begin ] --END-- [ RunTime:0.001501s ]
SQL: SHOW COLUMNS FROM `kh_user` [ RunTime:0.0113s ]
SQL: SHOW COLUMNS FROM `kh_user` [ RunTime:0.0030s ]
SQL: SELECT * FROM `kh_user` WHERE `username` IN ('admin')  [ RunTime:0.0005s ]
NOTIC: [2] Cannot modify header information - headers already sent by (output started at /Applications/MAMP/htdocs/KobeHome/ThinkPHP/Common/functions.php:850) /Applications/MAMP/htdocs/KobeHome/ThinkPHP/Library/Think/Controller.class.php 第 215 行.

[ 2015-09-22T23:04:39+08:00 ] ::1 /KobeHome/index.php/Home/Login/checkUser.html?name=111111
INFO: [ app_begin ] --START--
INFO: Run Behavior\ReadHtmlCacheBehavior [ RunTime:0.001076s ]
INFO: [ app_begin ] --END-- [ RunTime:0.001649s ]
SQL: SHOW COLUMNS FROM `kh_user` [ RunTime:0.0097s ]
SQL: SHOW COLUMNS FROM `kh_user` [ RunTime:0.0024s ]
SQL: SELECT * FROM `kh_user` WHERE `username` IN ('111111')  [ RunTime:0.0007s ]
NOTIC: [2] Cannot modify header information - headers already sent by (output started at /Applications/MAMP/htdocs/KobeHome/ThinkPHP/Common/functions.php:850) /Applications/MAMP/htdocs/KobeHome/ThinkPHP/Library/Think/Controller.class.php 第 215 行.

[ 2015-09-22T23:04:53+08:00 ] ::1 /KobeHome/index.php/Home/Login/checkUser.html?name=admin
INFO: [ app_begin ] --START--
INFO: Run Behavior\ReadHtmlCacheBehavior [ RunTime:0.000783s ]
INFO: [ app_begin ] --END-- [ RunTime:0.001286s ]
SQL: SHOW COLUMNS FROM `kh_user` [ RunTime:0.0093s ]
SQL: SHOW COLUMNS FROM `kh_user` [ RunTime:0.0018s ]
SQL: SELECT * FROM `kh_user` WHERE `username` IN ('admin')  [ RunTime:0.0004s ]
NOTIC: [2] Cannot modify header information - headers already sent by (output started at /Applications/MAMP/htdocs/KobeHome/ThinkPHP/Common/functions.php:850) /Applications/MAMP/htdocs/KobeHome/ThinkPHP/Library/Think/Controller.class.php 第 215 行.

[ 2015-09-22T23:05:03+08:00 ] ::1 /KobeHome/index.php/Home/Login/checkUser.html?name=admin
INFO: [ app_begin ] --START--
INFO: Run Behavior\ReadHtmlCacheBehavior [ RunTime:0.000929s ]
INFO: [ app_begin ] --END-- [ RunTime:0.001594s ]
SQL: SHOW COLUMNS FROM `kh_user` [ RunTime:0.0090s ]
SQL: SHOW COLUMNS FROM `kh_user` [ RunTime:0.0015s ]
SQL: SELECT * FROM `kh_user` WHERE `username` IN ('admin')  [ RunTime:0.0004s ]
NOTIC: [2] Cannot modify header information - headers already sent by (output started at /Applications/MAMP/htdocs/KobeHome/ThinkPHP/Common/functions.php:850) /Applications/MAMP/htdocs/KobeHome/ThinkPHP/Library/Think/Controller.class.php 第 215 行.

[ 2015-09-22T23:05:32+08:00 ] ::1 /KobeHome/index.php/Home/Login/checkUser.html?name=11
INFO: [ app_begin ] --START--
INFO: Run Behavior\ReadHtmlCacheBehavior [ RunTime:0.000520s ]
INFO: [ app_begin ] --END-- [ RunTime:0.000866s ]
SQL: SHOW COLUMNS FROM `kh_user` [ RunTime:0.0090s ]
SQL: SHOW COLUMNS FROM `kh_user` [ RunTime:0.0015s ]
SQL: SELECT * FROM `kh_user` WHERE `username` IN ('11')  [ RunTime:0.0004s ]
NOTIC: [2] Cannot modify header information - headers already sent by (output started at /Applications/MAMP/htdocs/KobeHome/ThinkPHP/Common/functions.php:850) /Applications/MAMP/htdocs/KobeHome/ThinkPHP/Library/Think/Controller.class.php 第 215 行.

[ 2015-09-22T23:05:53+08:00 ] ::1 /KobeHome/index.php/Home/Login/checkUser.html?name=admin
INFO: [ app_begin ] --START--
INFO: Run Behavior\ReadHtmlCacheBehavior [ RunTime:0.000842s ]
INFO: [ app_begin ] --END-- [ RunTime:0.001823s ]
SQL: SHOW COLUMNS FROM `kh_user` [ RunTime:0.0016s ]
SQL: SHOW COLUMNS FROM `kh_user` [ RunTime:0.0019s ]
SQL: SELECT * FROM `kh_user` WHERE `username` IN ('admin')  [ RunTime:0.0005s ]
NOTIC: [2] Cannot modify header information - headers already sent by (output started at /Applications/MAMP/htdocs/KobeHome/ThinkPHP/Common/functions.php:850) /Applications/MAMP/htdocs/KobeHome/ThinkPHP/Library/Think/Controller.class.php 第 215 行.

[ 2015-09-22T23:06:58+08:00 ] ::1 /KobeHome/index.php/Home/Login/checkUser.html?name=11
INFO: [ app_begin ] --START--
INFO: Run Behavior\ReadHtmlCacheBehavior [ RunTime:0.000514s ]
INFO: [ app_begin ] --END-- [ RunTime:0.000897s ]
SQL: SHOW COLUMNS FROM `kh_user` [ RunTime:0.0092s ]
SQL: SHOW COLUMNS FROM `kh_user` [ RunTime:0.0015s ]
ERR: SQLSTATE[42S22]: Column not found: 1054 Unknown column 'usernae' in 'field list'
NOTIC: [2] Cannot modify header information - headers already sent by (output started at /Applications/MAMP/htdocs/KobeHome/ThinkPHP/Common/functions.php:850) /Applications/MAMP/htdocs/KobeHome/ThinkPHP/Library/Think/Think.class.php 第 229 行.
NOTIC: [2] Cannot modify header information - headers already sent by (output started at /Applications/MAMP/htdocs/KobeHome/ThinkPHP/Common/functions.php:850) /Applications/MAMP/htdocs/KobeHome/ThinkPHP/Library/Think/Think.class.php 第 230 行.

[ 2015-09-22T23:07:23+08:00 ] ::1 /KobeHome/index.php/Home/Login/checkUser.html?name=111
INFO: [ app_begin ] --START--
INFO: Run Behavior\ReadHtmlCacheBehavior [ RunTime:0.000710s ]
INFO: [ app_begin ] --END-- [ RunTime:0.001341s ]
SQL: SHOW COLUMNS FROM `kh_user` [ RunTime:0.0088s ]
SQL: SHOW COLUMNS FROM `kh_user` [ RunTime:0.0028s ]
SQL: SELECT `username` FROM `kh_user` WHERE `username` IN ('111')  [ RunTime:0.0011s ]
NOTIC: [2] Cannot modify header information - headers already sent by (output started at /Applications/MAMP/htdocs/KobeHome/ThinkPHP/Common/functions.php:850) /Applications/MAMP/htdocs/KobeHome/ThinkPHP/Library/Think/Controller.class.php 第 215 行.

[ 2015-09-22T23:07:53+08:00 ] ::1 /KobeHome/index.php/Home/Login/checkUser.html?name=admin
INFO: [ app_begin ] --START--
INFO: Run Behavior\ReadHtmlCacheBehavior [ RunTime:0.001310s ]
INFO: [ app_begin ] --END-- [ RunTime:0.002216s ]
SQL: SHOW COLUMNS FROM `kh_user` [ RunTime:0.0098s ]
SQL: SHOW COLUMNS FROM `kh_user` [ RunTime:0.0040s ]
SQL: SELECT `username` FROM `kh_user` WHERE `username` IN ('admin')  [ RunTime:0.0004s ]
NOTIC: [2] Cannot modify header information - headers already sent by (output started at /Applications/MAMP/htdocs/KobeHome/ThinkPHP/Common/functions.php:850) /Applications/MAMP/htdocs/KobeHome/ThinkPHP/Library/Think/Controller.class.php 第 215 行.

[ 2015-09-22T23:08:05+08:00 ] ::1 /KobeHome/index.php/Home/Login/checkUser.html?name=111
INFO: [ app_begin ] --START--
INFO: Run Behavior\ReadHtmlCacheBehavior [ RunTime:0.001223s ]
INFO: [ app_begin ] --END-- [ RunTime:0.002042s ]
SQL: SHOW COLUMNS FROM `kh_user` [ RunTime:0.0100s ]
SQL: SHOW COLUMNS FROM `kh_user` [ RunTime:0.0039s ]
SQL: SELECT `username` FROM `kh_user` WHERE `username` IN ('111')  [ RunTime:0.0005s ]
NOTIC: [2] Cannot modify header information - headers already sent by (output started at /Applications/MAMP/htdocs/KobeHome/ThinkPHP/Common/functions.php:850) /Applications/MAMP/htdocs/KobeHome/ThinkPHP/Library/Think/Controller.class.php 第 215 行.

[ 2015-09-22T23:08:07+08:00 ] ::1 /KobeHome/index.php/Home/Login/checkUser.html?name=111
INFO: [ app_begin ] --START--
INFO: Run Behavior\ReadHtmlCacheBehavior [ RunTime:0.000610s ]
INFO: [ app_begin ] --END-- [ RunTime:0.001190s ]
SQL: SHOW COLUMNS FROM `kh_user` [ RunTime:0.0098s ]
SQL: SHOW COLUMNS FROM `kh_user` [ RunTime:0.0024s ]
SQL: SELECT `username` FROM `kh_user` WHERE `username` IN ('111')  [ RunTime:0.0006s ]
NOTIC: [2] Cannot modify header information - headers already sent by (output started at /Applications/MAMP/htdocs/KobeHome/ThinkPHP/Common/functions.php:850) /Applications/MAMP/htdocs/KobeHome/ThinkPHP/Library/Think/Controller.class.php 第 215 行.

[ 2015-09-22T23:08:50+08:00 ] ::1 /KobeHome/index.php/Home/Login/checkUser.html?name=admin
INFO: [ app_begin ] --START--
INFO: Run Behavior\ReadHtmlCacheBehavior [ RunTime:0.000629s ]
INFO: [ app_begin ] --END-- [ RunTime:0.001057s ]
SQL: SHOW COLUMNS FROM `kh_user` [ RunTime:0.0094s ]
SQL: SHOW COLUMNS FROM `kh_user` [ RunTime:0.0016s ]
SQL: SELECT `username` FROM `kh_user` WHERE `username` IN ('admin')  [ RunTime:0.0004s ]
NOTIC: [2] Cannot modify header information - headers already sent by (output started at /Applications/MAMP/htdocs/KobeHome/ThinkPHP/Common/functions.php:850) /Applications/MAMP/htdocs/KobeHome/ThinkPHP/Library/Think/Controller.class.php 第 215 行.

[ 2015-09-22T23:09:06+08:00 ] ::1 /KobeHome/index.php/Home/Login/checkUser.html?name=1111
INFO: [ app_begin ] --START--
INFO: Run Behavior\ReadHtmlCacheBehavior [ RunTime:0.000764s ]
INFO: [ app_begin ] --END-- [ RunTime:0.001633s ]
SQL: SHOW COLUMNS FROM `kh_user` [ RunTime:0.0020s ]
SQL: SHOW COLUMNS FROM `kh_user` [ RunTime:0.0017s ]
SQL: SELECT `username` FROM `kh_user` WHERE `username` IN ('1111')  [ RunTime:0.0004s ]
NOTIC: [2] Cannot modify header information - headers already sent by (output started at /Applications/MAMP/htdocs/KobeHome/ThinkPHP/Common/functions.php:850) /Applications/MAMP/htdocs/KobeHome/ThinkPHP/Library/Think/Controller.class.php 第 215 行.

[ 2015-09-22T23:09:30+08:00 ] ::1 /KobeHome/index.php/Home/Login/checkUser.html?name=admin
INFO: [ app_begin ] --START--
INFO: Run Behavior\ReadHtmlCacheBehavior [ RunTime:0.000641s ]
INFO: [ app_begin ] --END-- [ RunTime:0.001468s ]
SQL: SHOW COLUMNS FROM `kh_user` [ RunTime:0.0096s ]
SQL: SHOW COLUMNS FROM `kh_user` [ RunTime:0.0014s ]
SQL: SELECT `username` FROM `kh_user` WHERE `username` IN ('admin')  [ RunTime:0.0003s ]
NOTIC: [2] Cannot modify header information - headers already sent by (output started at /Applications/MAMP/htdocs/KobeHome/ThinkPHP/Common/functions.php:850) /Applications/MAMP/htdocs/KobeHome/ThinkPHP/Library/Think/Controller.class.php 第 215 行.

[ 2015-09-22T23:09:42+08:00 ] ::1 /KobeHome/index.php/Home/Login/checkUser.html?name=11111
INFO: [ app_begin ] --START--
INFO: Run Behavior\ReadHtmlCacheBehavior [ RunTime:0.000714s ]
INFO: [ app_begin ] --END-- [ RunTime:0.001318s ]
SQL: SHOW COLUMNS FROM `kh_user` [ RunTime:0.0106s ]
SQL: SHOW COLUMNS FROM `kh_user` [ RunTime:0.0021s ]
SQL: SELECT `username` FROM `kh_user` WHERE `username` IN ('11111')  [ RunTime:0.0004s ]
NOTIC: [2] Cannot modify header information - headers already sent by (output started at /Applications/MAMP/htdocs/KobeHome/ThinkPHP/Common/functions.php:850) /Applications/MAMP/htdocs/KobeHome/ThinkPHP/Library/Think/Controller.class.php 第 215 行.

[ 2015-09-22T23:10:05+08:00 ] ::1 /KobeHome/index.php/Home/Login/checkUser.html?name=admin
INFO: [ app_begin ] --START--
INFO: Run Behavior\ReadHtmlCacheBehavior [ RunTime:0.000552s ]
INFO: [ app_begin ] --END-- [ RunTime:0.000984s ]
SQL: SHOW COLUMNS FROM `kh_user` [ RunTime:0.0093s ]
SQL: SHOW COLUMNS FROM `kh_user` [ RunTime:0.0015s ]
SQL: SELECT `username` FROM `kh_user` WHERE `username` IN ('admin')  [ RunTime:0.0004s ]
NOTIC: [2] Cannot modify header information - headers already sent by (output started at /Applications/MAMP/htdocs/KobeHome/ThinkPHP/Common/functions.php:850) /Applications/MAMP/htdocs/KobeHome/ThinkPHP/Library/Think/Controller.class.php 第 215 行.

[ 2015-09-22T23:10:19+08:00 ] ::1 /KobeHome/index.php/Home/Login/checkUser.html?name=1111
INFO: [ app_begin ] --START--
INFO: Run Behavior\ReadHtmlCacheBehavior [ RunTime:0.001005s ]
INFO: [ app_begin ] --END-- [ RunTime:0.001732s ]
SQL: SHOW COLUMNS FROM `kh_user` [ RunTime:0.0103s ]
SQL: SHOW COLUMNS FROM `kh_user` [ RunTime:0.0023s ]
SQL: SELECT `username` FROM `kh_user` WHERE `username` IN ('1111')  [ RunTime:0.0006s ]
NOTIC: [2] Cannot modify header information - headers already sent by (output started at /Applications/MAMP/htdocs/KobeHome/ThinkPHP/Common/functions.php:850) /Applications/MAMP/htdocs/KobeHome/ThinkPHP/Library/Think/Controller.class.php 第 215 行.

[ 2015-09-22T23:10:33+08:00 ] ::1 /KobeHome/index.php/Home/Login/checkUser.html?name=admin
INFO: [ app_begin ] --START--
INFO: Run Behavior\ReadHtmlCacheBehavior [ RunTime:0.000521s ]
INFO: [ app_begin ] --END-- [ RunTime:0.001042s ]
SQL: SHOW COLUMNS FROM `kh_user` [ RunTime:0.0093s ]
SQL: SHOW COLUMNS FROM `kh_user` [ RunTime:0.0020s ]
SQL: SELECT `username` FROM `kh_user` WHERE `username` IN ('admin')  [ RunTime:0.0003s ]
NOTIC: [2] Cannot modify header information - headers already sent by (output started at /Applications/MAMP/htdocs/KobeHome/ThinkPHP/Common/functions.php:850) /Applications/MAMP/htdocs/KobeHome/ThinkPHP/Library/Think/Controller.class.php 第 215 行.

[ 2015-09-22T23:10:47+08:00 ] ::1 /KobeHome/index.php/Home/Login/checkUser.html?name=1111
INFO: [ app_begin ] --START--
INFO: Run Behavior\ReadHtmlCacheBehavior [ RunTime:0.000654s ]
INFO: [ app_begin ] --END-- [ RunTime:0.001127s ]
SQL: SHOW COLUMNS FROM `kh_user` [ RunTime:0.0095s ]
SQL: SHOW COLUMNS FROM `kh_user` [ RunTime:0.0018s ]
SQL: SELECT `username` FROM `kh_user` WHERE `username` IN ('1111')  [ RunTime:0.0004s ]
NOTIC: [2] Cannot modify header information - headers already sent by (output started at /Applications/MAMP/htdocs/KobeHome/ThinkPHP/Common/functions.php:850) /Applications/MAMP/htdocs/KobeHome/ThinkPHP/Library/Think/Controller.class.php 第 215 行.

[ 2015-09-22T23:11:02+08:00 ] ::1 /KobeHome/index.php/Home/Login/checkUser.html?name=+admin
INFO: [ app_begin ] --START--
INFO: Run Behavior\ReadHtmlCacheBehavior [ RunTime:0.001352s ]
INFO: [ app_begin ] --END-- [ RunTime:0.002396s ]
SQL: SHOW COLUMNS FROM `kh_user` [ RunTime:0.0016s ]
SQL: SHOW COLUMNS FROM `kh_user` [ RunTime:0.0020s ]
SQL: SELECT `username` FROM `kh_user` WHERE `username` IN (' admin')  [ RunTime:0.0008s ]
NOTIC: [2] Cannot modify header information - headers already sent by (output started at /Applications/MAMP/htdocs/KobeHome/ThinkPHP/Common/functions.php:850) /Applications/MAMP/htdocs/KobeHome/ThinkPHP/Library/Think/Controller.class.php 第 215 行.

[ 2015-09-22T23:11:53+08:00 ] ::1 /KobeHome/index.php/Home/Login/checkUser.html?name=111
INFO: [ app_begin ] --START--
INFO: Run Behavior\ReadHtmlCacheBehavior [ RunTime:0.001003s ]
INFO: [ app_begin ] --END-- [ RunTime:0.001729s ]
SQL: SHOW COLUMNS FROM `kh_user` [ RunTime:0.0099s ]
SQL: SHOW COLUMNS FROM `kh_user` [ RunTime:0.0026s ]
SQL: SELECT `username` FROM `kh_user` WHERE `username` IN ('111')  [ RunTime:0.0007s ]

[ 2015-09-22T23:12:04+08:00 ] ::1 /KobeHome/index.php/Home/Login/checkUser.html?name=admin
INFO: [ app_begin ] --START--
INFO: Run Behavior\ReadHtmlCacheBehavior [ RunTime:0.000771s ]
INFO: [ app_begin ] --END-- [ RunTime:0.001590s ]
SQL: SHOW COLUMNS FROM `kh_user` [ RunTime:0.0116s ]
SQL: SHOW COLUMNS FROM `kh_user` [ RunTime:0.0026s ]
SQL: SELECT `username` FROM `kh_user` WHERE `username` IN ('admin')  [ RunTime:0.0004s ]

[ 2015-09-22T23:12:15+08:00 ] ::1 /KobeHome/index.php/Home/Login/checkUser.html?name=admin
INFO: [ app_begin ] --START--
INFO: Run Behavior\ReadHtmlCacheBehavior [ RunTime:0.001352s ]
INFO: [ app_begin ] --END-- [ RunTime:0.002184s ]
SQL: SHOW COLUMNS FROM `kh_user` [ RunTime:0.0102s ]
SQL: SHOW COLUMNS FROM `kh_user` [ RunTime:0.0020s ]
SQL: SELECT `username` FROM `kh_user` WHERE `username` IN ('admin')  [ RunTime:0.0005s ]

[ 2015-09-22T23:12:43+08:00 ] ::1 /KobeHome/index.php/Home/Login/checkUser.html?name=BingCool
INFO: [ app_begin ] --START--
INFO: Run Behavior\ReadHtmlCacheBehavior [ RunTime:0.000637s ]
INFO: [ app_begin ] --END-- [ RunTime:0.001331s ]
SQL: SHOW COLUMNS FROM `kh_user` [ RunTime:0.0111s ]
SQL: SHOW COLUMNS FROM `kh_user` [ RunTime:0.0033s ]
SQL: SELECT `username` FROM `kh_user` WHERE `username` IN ('BingCool')  [ RunTime:0.0005s ]

[ 2015-09-22T23:12:56+08:00 ] ::1 /KobeHome/index.php/Home/Login/checkUser.html?name=admin
INFO: [ app_begin ] --START--
INFO: Run Behavior\ReadHtmlCacheBehavior [ RunTime:0.000564s ]
INFO: [ app_begin ] --END-- [ RunTime:0.000977s ]
SQL: SHOW COLUMNS FROM `kh_user` [ RunTime:0.0095s ]
SQL: SHOW COLUMNS FROM `kh_user` [ RunTime:0.0017s ]
SQL: SELECT `username` FROM `kh_user` WHERE `username` IN ('admin')  [ RunTime:0.0003s ]

[ 2015-09-22T23:13:05+08:00 ] ::1 /KobeHome/index.php/Home/Login/checkUser.html?name=admin
INFO: [ app_begin ] --START--
INFO: Run Behavior\ReadHtmlCacheBehavior [ RunTime:0.000661s ]
INFO: [ app_begin ] --END-- [ RunTime:0.001053s ]
SQL: SHOW COLUMNS FROM `kh_user` [ RunTime:0.0103s ]
SQL: SHOW COLUMNS FROM `kh_user` [ RunTime:0.0032s ]
SQL: SELECT `username` FROM `kh_user` WHERE `username` IN ('admin')  [ RunTime:0.0006s ]

[ 2015-09-22T23:14:03+08:00 ] ::1 /KobeHome/index.php/Home/Login/checkUser.html?name=admin
INFO: [ app_begin ] --START--
INFO: Run Behavior\ReadHtmlCacheBehavior [ RunTime:0.000494s ]
INFO: [ app_begin ] --END-- [ RunTime:0.000842s ]
SQL: SHOW COLUMNS FROM `kh_user` [ RunTime:0.0097s ]
SQL: SHOW COLUMNS FROM `kh_user` [ RunTime:0.0017s ]
SQL: SELECT `username` FROM `kh_user` WHERE `username` IN ('admin')  [ RunTime:0.0003s ]

[ 2015-09-22T23:14:08+08:00 ] ::1 /KobeHome/index.php/Home/Login/checkUser.html?name=admin
INFO: [ app_begin ] --START--
INFO: Run Behavior\ReadHtmlCacheBehavior [ RunTime:0.000808s ]
INFO: [ app_begin ] --END-- [ RunTime:0.001417s ]
SQL: SHOW COLUMNS FROM `kh_user` [ RunTime:0.0027s ]
SQL: SHOW COLUMNS FROM `kh_user` [ RunTime:0.0031s ]
SQL: SELECT `username` FROM `kh_user` WHERE `username` IN ('admin')  [ RunTime:0.0004s ]

[ 2015-09-22T23:16:21+08:00 ] ::1 /KobeHome/index.php/Home/Login/checkUser.html?name=admin
INFO: [ app_begin ] --START--
INFO: Run Behavior\ReadHtmlCacheBehavior [ RunTime:0.000745s ]
INFO: [ app_begin ] --END-- [ RunTime:0.001306s ]
SQL: SHOW COLUMNS FROM `kh_user` [ RunTime:0.0020s ]
SQL: SHOW COLUMNS FROM `kh_user` [ RunTime:0.0020s ]
SQL: SELECT `username` FROM `kh_user` WHERE `username` IN ('admin')  [ RunTime:0.0004s ]

[ 2015-09-22T23:16:26+08:00 ] ::1 /KobeHome/index.php/Home/Login/checkUser.html?name=admin
INFO: [ app_begin ] --START--
INFO: Run Behavior\ReadHtmlCacheBehavior [ RunTime:0.000914s ]
INFO: [ app_begin ] --END-- [ RunTime:0.001847s ]
SQL: SHOW COLUMNS FROM `kh_user` [ RunTime:0.0089s ]
SQL: SHOW COLUMNS FROM `kh_user` [ RunTime:0.0013s ]
SQL: SELECT `username` FROM `kh_user` WHERE `username` IN ('admin')  [ RunTime:0.0005s ]

[ 2015-09-22T23:16:35+08:00 ] ::1 /KobeHome/index.php/Home/Login/checkUser.html?name=BingCool
INFO: [ app_begin ] --START--
INFO: Run Behavior\ReadHtmlCacheBehavior [ RunTime:0.000868s ]
INFO: [ app_begin ] --END-- [ RunTime:0.001417s ]
SQL: SHOW COLUMNS FROM `kh_user` [ RunTime:0.0102s ]
SQL: SHOW COLUMNS FROM `kh_user` [ RunTime:0.0017s ]
SQL: SELECT `username` FROM `kh_user` WHERE `username` IN ('BingCool')  [ RunTime:0.0004s ]

[ 2015-09-22T23:16:40+08:00 ] ::1 /KobeHome/index.php/Home/Login/checkUser.html?name=11111
INFO: [ app_begin ] --START--
INFO: Run Behavior\ReadHtmlCacheBehavior [ RunTime:0.000723s ]
INFO: [ app_begin ] --END-- [ RunTime:0.001292s ]
SQL: SHOW COLUMNS FROM `kh_user` [ RunTime:0.0104s ]
SQL: SHOW COLUMNS FROM `kh_user` [ RunTime:0.0026s ]
SQL: SELECT `username` FROM `kh_user` WHERE `username` IN ('11111')  [ RunTime:0.0005s ]

[ 2015-09-22T23:17:31+08:00 ] ::1 /KobeHome/index.php/Home/Login/checkUser.html?name=14001_Orgadmin
INFO: [ app_begin ] --START--
INFO: Run Behavior\ReadHtmlCacheBehavior [ RunTime:0.000748s ]
INFO: [ app_begin ] --END-- [ RunTime:0.001339s ]
SQL: SHOW COLUMNS FROM `kh_user` [ RunTime:0.0094s ]
SQL: SHOW COLUMNS FROM `kh_user` [ RunTime:0.0018s ]
SQL: SELECT `username` FROM `kh_user` WHERE `username` IN ('14001_Orgadmin')  [ RunTime:0.0004s ]

[ 2015-09-22T23:25:19+08:00 ] ::1 /KobeHome/index.php/Home/Login/checkUser.html?name=BingCool
INFO: [ app_begin ] --START--
INFO: Run Behavior\ReadHtmlCacheBehavior [ RunTime:0.000490s ]
INFO: [ app_begin ] --END-- [ RunTime:0.000836s ]
SQL: SHOW COLUMNS FROM `kh_user` [ RunTime:0.0099s ]
SQL: SHOW COLUMNS FROM `kh_user` [ RunTime:0.0017s ]
SQL: SELECT `username` FROM `kh_user` WHERE `username` IN ('BingCool')  [ RunTime:0.0007s ]

[ 2015-09-22T23:25:30+08:00 ] ::1 /KobeHome/index.php/Home/Login/checkUser.html?name=1111
INFO: [ app_begin ] --START--
INFO: Run Behavior\ReadHtmlCacheBehavior [ RunTime:0.000498s ]
INFO: [ app_begin ] --END-- [ RunTime:0.000855s ]
SQL: SHOW COLUMNS FROM `kh_user` [ RunTime:0.0095s ]
SQL: SHOW COLUMNS FROM `kh_user` [ RunTime:0.0020s ]
SQL: SELECT `username` FROM `kh_user` WHERE `username` IN ('1111')  [ RunTime:0.0004s ]

[ 2015-09-22T23:26:30+08:00 ] ::1 /KobeHome/index.php/Home/Login/checkUser.html?name=11
INFO: [ app_begin ] --START--
INFO: Run Behavior\ReadHtmlCacheBehavior [ RunTime:0.000576s ]
INFO: [ app_begin ] --END-- [ RunTime:0.000925s ]
SQL: SHOW COLUMNS FROM `kh_user` [ RunTime:0.0098s ]
SQL: SHOW COLUMNS FROM `kh_user` [ RunTime:0.0018s ]
SQL: SELECT `username` FROM `kh_user` WHERE `username` IN ('11')  [ RunTime:0.0003s ]

[ 2015-09-22T23:26:42+08:00 ] ::1 /KobeHome/index.php/Home/Login/checkUser.html?name=BingCool
INFO: [ app_begin ] --START--
INFO: Run Behavior\ReadHtmlCacheBehavior [ RunTime:0.000565s ]
INFO: [ app_begin ] --END-- [ RunTime:0.000980s ]
SQL: SHOW COLUMNS FROM `kh_user` [ RunTime:0.0100s ]
SQL: SHOW COLUMNS FROM `kh_user` [ RunTime:0.0016s ]
SQL: SELECT `username` FROM `kh_user` WHERE `username` IN ('BingCool')  [ RunTime:0.0004s ]

[ 2015-09-22T23:27:31+08:00 ] ::1 /KobeHome/index.php/Home/Login/checkUser.html?name=111
INFO: [ app_begin ] --START--
INFO: Run Behavior\ReadHtmlCacheBehavior [ RunTime:0.000489s ]
INFO: [ app_begin ] --END-- [ RunTime:0.000834s ]
SQL: SHOW COLUMNS FROM `kh_user` [ RunTime:0.0090s ]
SQL: SHOW COLUMNS FROM `kh_user` [ RunTime:0.0019s ]
SQL: SELECT `username` FROM `kh_user` WHERE `username` IN ('111')  [ RunTime:0.0004s ]

[ 2015-09-22T23:27:41+08:00 ] ::1 /KobeHome/index.php/Home/Login/checkUser.html?name=1111
INFO: [ app_begin ] --START--
INFO: Run Behavior\ReadHtmlCacheBehavior [ RunTime:0.000983s ]
INFO: [ app_begin ] --END-- [ RunTime:0.001691s ]
SQL: SHOW COLUMNS FROM `kh_user` [ RunTime:0.0090s ]
SQL: SHOW COLUMNS FROM `kh_user` [ RunTime:0.0021s ]
SQL: SELECT `username` FROM `kh_user` WHERE `username` IN ('1111')  [ RunTime:0.0006s ]

[ 2015-09-22T23:28:19+08:00 ] ::1 /KobeHome/index.php/Home/Login/checkUser.html?name=1111
INFO: [ app_begin ] --START--
INFO: Run Behavior\ReadHtmlCacheBehavior [ RunTime:0.000495s ]
INFO: [ app_begin ] --END-- [ RunTime:0.000855s ]
SQL: SHOW COLUMNS FROM `kh_user` [ RunTime:0.0094s ]
SQL: SHOW COLUMNS FROM `kh_user` [ RunTime:0.0023s ]
SQL: SELECT `username` FROM `kh_user` WHERE `username` IN ('1111')  [ RunTime:0.0005s ]

[ 2015-09-22T23:28:35+08:00 ] ::1 /KobeHome/index.php/Home/Login/checkUser.html?name=111
INFO: [ app_begin ] --START--
INFO: Run Behavior\ReadHtmlCacheBehavior [ RunTime:0.000634s ]
INFO: [ app_begin ] --END-- [ RunTime:0.001024s ]
SQL: SHOW COLUMNS FROM `kh_user` [ RunTime:0.0017s ]
SQL: SHOW COLUMNS FROM `kh_user` [ RunTime:0.0014s ]
SQL: SELECT `username` FROM `kh_user` WHERE `username` IN ('111')  [ RunTime:0.0005s ]

[ 2015-09-22T23:31:24+08:00 ] ::1 /KobeHome/index.php/Home/Login/checkUser.html?name=1111
INFO: [ app_begin ] --START--
INFO: Run Behavior\ReadHtmlCacheBehavior [ RunTime:0.000691s ]
INFO: [ app_begin ] --END-- [ RunTime:0.001286s ]
SQL: SHOW COLUMNS FROM `kh_user` [ RunTime:0.0027s ]
SQL: SHOW COLUMNS FROM `kh_user` [ RunTime:0.0023s ]
SQL: SELECT `username` FROM `kh_user` WHERE `username` IN ('1111')  [ RunTime:0.0004s ]

[ 2015-09-22T23:32:15+08:00 ] ::1 /KobeHome/index.php/Home/Login/checkUser.html?name=11
INFO: [ app_begin ] --START--
INFO: Run Behavior\ReadHtmlCacheBehavior [ RunTime:0.000678s ]
INFO: [ app_begin ] --END-- [ RunTime:0.001195s ]
SQL: SHOW COLUMNS FROM `kh_user` [ RunTime:0.0098s ]
SQL: SHOW COLUMNS FROM `kh_user` [ RunTime:0.0030s ]
SQL: SELECT `username` FROM `kh_user` WHERE `username` IN ('11')  [ RunTime:0.0005s ]

[ 2015-09-22T23:32:33+08:00 ] ::1 /KobeHome/index.php/Home/Login/checkUser.html?name=111
INFO: [ app_begin ] --START--
INFO: Run Behavior\ReadHtmlCacheBehavior [ RunTime:0.000668s ]
INFO: [ app_begin ] --END-- [ RunTime:0.001026s ]
SQL: SHOW COLUMNS FROM `kh_user` [ RunTime:0.0013s ]
SQL: SHOW COLUMNS FROM `kh_user` [ RunTime:0.0014s ]
SQL: SELECT `username` FROM `kh_user` WHERE `username` IN ('111')  [ RunTime:0.0004s ]

[ 2015-09-22T23:33:37+08:00 ] ::1 /KobeHome/index.php/Home/Login/checkUser.html?name=111
INFO: [ app_begin ] --START--
INFO: Run Behavior\ReadHtmlCacheBehavior [ RunTime:0.000573s ]
INFO: [ app_begin ] --END-- [ RunTime:0.001065s ]
SQL: SHOW COLUMNS FROM `kh_user` [ RunTime:0.0099s ]
SQL: SHOW COLUMNS FROM `kh_user` [ RunTime:0.0032s ]
SQL: SELECT `username` FROM `kh_user` WHERE `username` IN ('111')  [ RunTime:0.0006s ]

[ 2015-09-22T23:33:45+08:00 ] ::1 /KobeHome/index.php/Home/Login/checkUser.html?name=BingCool
INFO: [ app_begin ] --START--
INFO: Run Behavior\ReadHtmlCacheBehavior [ RunTime:0.000514s ]
INFO: [ app_begin ] --END-- [ RunTime:0.000935s ]
SQL: SHOW COLUMNS FROM `kh_user` [ RunTime:0.0097s ]
SQL: SHOW COLUMNS FROM `kh_user` [ RunTime:0.0020s ]
SQL: SELECT `username` FROM `kh_user` WHERE `username` IN ('BingCool')  [ RunTime:0.0005s ]

[ 2015-09-22T23:34:01+08:00 ] ::1 /KobeHome/index.php/Home/Login/checkUser.html?name=BingCool
INFO: [ app_begin ] --START--
INFO: Run Behavior\ReadHtmlCacheBehavior [ RunTime:0.000901s ]
INFO: [ app_begin ] --END-- [ RunTime:0.001339s ]
SQL: SHOW COLUMNS FROM `kh_user` [ RunTime:0.0103s ]
SQL: SHOW COLUMNS FROM `kh_user` [ RunTime:0.0021s ]
SQL: SELECT `username` FROM `kh_user` WHERE `username` IN ('BingCool')  [ RunTime:0.0004s ]

[ 2015-09-22T23:34:13+08:00 ] ::1 /KobeHome/index.php/Home/Login/checkUser.html?name=111
INFO: [ app_begin ] --START--
INFO: Run Behavior\ReadHtmlCacheBehavior [ RunTime:0.001005s ]
INFO: [ app_begin ] --END-- [ RunTime:0.001734s ]
SQL: SHOW COLUMNS FROM `kh_user` [ RunTime:0.0015s ]
SQL: SHOW COLUMNS FROM `kh_user` [ RunTime:0.0016s ]
SQL: SELECT `username` FROM `kh_user` WHERE `username` IN ('111')  [ RunTime:0.0004s ]

[ 2015-09-22T23:34:18+08:00 ] ::1 /KobeHome/index.php/Home/Login/checkUser.html?name=1111
INFO: [ app_begin ] --START--
INFO: Run Behavior\ReadHtmlCacheBehavior [ RunTime:0.000746s ]
INFO: [ app_begin ] --END-- [ RunTime:0.001230s ]
SQL: SHOW COLUMNS FROM `kh_user` [ RunTime:0.0016s ]
SQL: SHOW COLUMNS FROM `kh_user` [ RunTime:0.0014s ]
SQL: SELECT `username` FROM `kh_user` WHERE `username` IN ('1111')  [ RunTime:0.0004s ]

[ 2015-09-22T23:34:27+08:00 ] ::1 /KobeHome/index.php/Home/Login/checkUser.html?name=BingCool
INFO: [ app_begin ] --START--
INFO: Run Behavior\ReadHtmlCacheBehavior [ RunTime:0.000620s ]
INFO: [ app_begin ] --END-- [ RunTime:0.001041s ]
SQL: SHOW COLUMNS FROM `kh_user` [ RunTime:0.0098s ]
SQL: SHOW COLUMNS FROM `kh_user` [ RunTime:0.0025s ]
SQL: SELECT `username` FROM `kh_user` WHERE `username` IN ('BingCool')  [ RunTime:0.0005s ]

[ 2015-09-22T23:43:47+08:00 ] ::1 /KobeHome/index.php/Home/Login/checkUser.html?name=111
INFO: [ app_begin ] --START--
INFO: Run Behavior\ReadHtmlCacheBehavior [ RunTime:0.000527s ]
INFO: [ app_begin ] --END-- [ RunTime:0.000998s ]
SQL: SHOW COLUMNS FROM `kh_user` [ RunTime:0.0017s ]
SQL: SHOW COLUMNS FROM `kh_user` [ RunTime:0.0014s ]
SQL: SELECT `username` FROM `kh_user` WHERE `username` IN ('111')  [ RunTime:0.0004s ]

[ 2015-09-22T23:47:32+08:00 ] ::1 /KobeHome/index.php/Home/Login/checkUser.html?name=11111
INFO: [ app_begin ] --START--
INFO: Run Behavior\ReadHtmlCacheBehavior [ RunTime:0.000784s ]
INFO: [ app_begin ] --END-- [ RunTime:0.001394s ]
SQL: SHOW COLUMNS FROM `kh_user` [ RunTime:0.0093s ]
SQL: SHOW COLUMNS FROM `kh_user` [ RunTime:0.0021s ]
SQL: SELECT `username` FROM `kh_user` WHERE `username` IN ('11111')  [ RunTime:0.0005s ]

[ 2015-09-22T23:47:43+08:00 ] ::1 /KobeHome/index.php/Home/Login/checkUser.html?name=BingCool
INFO: [ app_begin ] --START--
INFO: Run Behavior\ReadHtmlCacheBehavior [ RunTime:0.000578s ]
INFO: [ app_begin ] --END-- [ RunTime:0.000994s ]
SQL: SHOW COLUMNS FROM `kh_user` [ RunTime:0.0105s ]
SQL: SHOW COLUMNS FROM `kh_user` [ RunTime:0.0025s ]
SQL: SELECT `username` FROM `kh_user` WHERE `username` IN ('BingCool')  [ RunTime:0.0005s ]

[ 2015-09-22T23:48:15+08:00 ] ::1 /KobeHome/index.php/Home/Login/checkUser.html?name=1111
INFO: [ app_begin ] --START--
INFO: Run Behavior\ReadHtmlCacheBehavior [ RunTime:0.000540s ]
INFO: [ app_begin ] --END-- [ RunTime:0.000928s ]
SQL: SHOW COLUMNS FROM `kh_user` [ RunTime:0.0095s ]
SQL: SHOW COLUMNS FROM `kh_user` [ RunTime:0.0022s ]
SQL: SELECT `username` FROM `kh_user` WHERE `username` IN ('1111')  [ RunTime:0.0004s ]

[ 2015-09-22T23:49:01+08:00 ] ::1 /KobeHome/index.php/Home/Login/checkUser.html?name=1111
INFO: [ app_begin ] --START--
INFO: Run Behavior\ReadHtmlCacheBehavior [ RunTime:0.000491s ]
INFO: [ app_begin ] --END-- [ RunTime:0.000899s ]
SQL: SHOW COLUMNS FROM `kh_user` [ RunTime:0.0100s ]
SQL: SHOW COLUMNS FROM `kh_user` [ RunTime:0.0032s ]
SQL: SELECT `username` FROM `kh_user` WHERE `username` IN ('1111')  [ RunTime:0.0007s ]

[ 2015-09-22T23:49:54+08:00 ] ::1 /KobeHome/index.php/Home/Login/checkUser.html?name=BingCool
INFO: [ app_begin ] --START--
INFO: Run Behavior\ReadHtmlCacheBehavior [ RunTime:0.000506s ]
INFO: [ app_begin ] --END-- [ RunTime:0.000869s ]
SQL: SHOW COLUMNS FROM `kh_user` [ RunTime:0.0098s ]
SQL: SHOW COLUMNS FROM `kh_user` [ RunTime:0.0028s ]
SQL: SELECT `username` FROM `kh_user` WHERE `username` IN ('BingCool')  [ RunTime:0.0007s ]

[ 2015-09-22T23:56:54+08:00 ] ::1 /KobeHome/index.php/Home/Login/checkUser.html?name=111
INFO: [ app_begin ] --START--
INFO: Run Behavior\ReadHtmlCacheBehavior [ RunTime:0.000752s ]
INFO: [ app_begin ] --END-- [ RunTime:0.001317s ]
SQL: SHOW COLUMNS FROM `kh_user` [ RunTime:0.0102s ]
SQL: SHOW COLUMNS FROM `kh_user` [ RunTime:0.0026s ]
SQL: SELECT `username` FROM `kh_user` WHERE `username` IN ('111')  [ RunTime:0.0004s ]

[ 2015-09-22T23:59:32+08:00 ] ::1 /KobeHome/index.php/Home/Login/checkUser.html?name=BingCool
INFO: [ app_begin ] --START--
INFO: Run Behavior\ReadHtmlCacheBehavior [ RunTime:0.000500s ]
INFO: [ app_begin ] --END-- [ RunTime:0.000861s ]
SQL: SHOW COLUMNS FROM `kh_user` [ RunTime:0.0095s ]
SQL: SHOW COLUMNS FROM `kh_user` [ RunTime:0.0022s ]
SQL: SELECT `username` FROM `kh_user` WHERE `username` IN ('BingCool')  [ RunTime:0.0006s ]

